<?xml version="1.0" encoding="UTF-8"?>
<testsuite name="com.haba.springboot.web.domain.posts.PostsRepositoryTest" tests="2" skipped="0" failures="0" errors="0" timestamp="2020-03-18T13:50:33" hostname="Habaui-MacBook-Air.local" time="0.053">
  <properties/>
  <testcase name="게시글저장_불러오기" classname="com.haba.springboot.web.domain.posts.PostsRepositoryTest" time="0.032"/>
  <testcase name="BaseTimeEntity_등록" classname="com.haba.springboot.web.domain.posts.PostsRepositoryTest" time="0.02"/>
  <system-out><![CDATA[2020-03-18 22:50:30.507  INFO 6833 --- [    Test worker] .b.t.c.SpringBootTestContextBootstrapper : Neither @ContextConfiguration nor @ContextHierarchy found for test class [com.haba.springboot.web.domain.posts.PostsRepositoryTest], using SpringBootContextLoader
2020-03-18 22:50:30.514  INFO 6833 --- [    Test worker] o.s.t.c.support.AbstractContextLoader    : Could not detect default resource locations for test class [com.haba.springboot.web.domain.posts.PostsRepositoryTest]: no resource found for suffixes {-context.xml, Context.groovy}.
2020-03-18 22:50:30.514  INFO 6833 --- [    Test worker] t.c.s.AnnotationConfigContextLoaderUtils : Could not detect default configuration classes for test class [com.haba.springboot.web.domain.posts.PostsRepositoryTest]: PostsRepositoryTest does not declare any static, non-private, non-final, nested classes annotated with @Configuration.
2020-03-18 22:50:30.536  INFO 6833 --- [    Test worker] .b.t.c.SpringBootTestContextBootstrapper : Found @SpringBootConfiguration com.haba.springboot.Application for test class com.haba.springboot.web.domain.posts.PostsRepositoryTest
2020-03-18 22:50:30.538  INFO 6833 --- [    Test worker] .b.t.c.SpringBootTestContextBootstrapper : Loaded default TestExecutionListener class names from location [META-INF/spring.factories]: [org.springframework.security.test.context.support.WithSecurityContextTestExecutionListener, org.springframework.security.test.context.support.ReactorContextTestExecutionListener, org.springframework.boot.test.autoconfigure.restdocs.RestDocsTestExecutionListener, org.springframework.boot.test.autoconfigure.web.client.MockRestServiceServerResetTestExecutionListener, org.springframework.boot.test.autoconfigure.web.servlet.MockMvcPrintOnlyOnFailureTestExecutionListener, org.springframework.boot.test.autoconfigure.web.servlet.WebDriverTestExecutionListener, org.springframework.boot.test.mock.mockito.MockitoTestExecutionListener, org.springframework.boot.test.mock.mockito.ResetMocksTestExecutionListener, org.springframework.test.context.web.ServletTestExecutionListener, org.springframework.test.context.support.DirtiesContextBeforeModesTestExecutionListener, org.springframework.test.context.support.DependencyInjectionTestExecutionListener, org.springframework.test.context.support.DirtiesContextTestExecutionListener, org.springframework.test.context.transaction.TransactionalTestExecutionListener, org.springframework.test.context.jdbc.SqlScriptsTestExecutionListener]
2020-03-18 22:50:30.540  INFO 6833 --- [    Test worker] .b.t.c.SpringBootTestContextBootstrapper : Using TestExecutionListeners: [org.springframework.test.context.web.ServletTestExecutionListener@780724c6, org.springframework.test.context.support.DirtiesContextBeforeModesTestExecutionListener@5c7e1522, org.springframework.boot.test.mock.mockito.MockitoTestExecutionListener@653ff57f, org.springframework.boot.test.autoconfigure.SpringBootDependencyInjectionTestExecutionListener@15ea737f, org.springframework.test.context.support.DirtiesContextTestExecutionListener@540a5410, org.springframework.test.context.transaction.TransactionalTestExecutionListener@78718cb6, org.springframework.test.context.jdbc.SqlScriptsTestExecutionListener@627f0aca, org.springframework.security.test.context.support.WithSecurityContextTestExecutionListener@24c8fc71, org.springframework.security.test.context.support.ReactorContextTestExecutionListener@2264962c, org.springframework.boot.test.autoconfigure.restdocs.RestDocsTestExecutionListener@5604aaea, org.springframework.boot.test.autoconfigure.web.client.MockRestServiceServerResetTestExecutionListener@4cb7c3ba, org.springframework.boot.test.autoconfigure.web.servlet.MockMvcPrintOnlyOnFailureTestExecutionListener@2f7f9529, org.springframework.boot.test.autoconfigure.web.servlet.WebDriverTestExecutionListener@292ca31c, org.springframework.boot.test.mock.mockito.ResetMocksTestExecutionListener@5a8c0f29]

  .   ____          _            __ _ _
 /\\ / ___'_ __ _ _(_)_ __  __ _ \ \ \ \
( ( )\___ | '_ | '_| | '_ \/ _` | \ \ \ \
 \\/  ___)| |_)| | | | | || (_| |  ) ) ) )
  '  |____| .__|_| |_|_| |_\__, | / / / /
 =========|_|==============|___/=/_/_/_/
 :: Spring Boot ::        (v2.1.7.RELEASE)

2020-03-18 22:50:30.587  INFO 6833 --- [    Test worker] c.h.s.w.d.posts.PostsRepositoryTest      : Starting PostsRepositoryTest on Habaui-MacBook-Air.local with PID 6833 (started by haba in /Users/haba/IdeaProjects/com.haba.springboot)
2020-03-18 22:50:30.589  INFO 6833 --- [    Test worker] c.h.s.w.d.posts.PostsRepositoryTest      : No active profile set, falling back to default profiles: default
2020-03-18 22:50:31.059  INFO 6833 --- [    Test worker] .s.d.r.c.RepositoryConfigurationDelegate : Bootstrapping Spring Data repositories in DEFAULT mode.
2020-03-18 22:50:31.088  INFO 6833 --- [    Test worker] .s.d.r.c.RepositoryConfigurationDelegate : Finished Spring Data repository scanning in 28ms. Found 2 repository interfaces.
2020-03-18 22:50:31.290  INFO 6833 --- [    Test worker] trationDelegate$BeanPostProcessorChecker : Bean 'org.springframework.transaction.annotation.ProxyTransactionManagementConfiguration' of type [org.springframework.transaction.annotation.ProxyTransactionManagementConfiguration$$EnhancerBySpringCGLIB$$8aee1673] is not eligible for getting processed by all BeanPostProcessors (for example: not eligible for auto-proxying)
2020-03-18 22:50:31.426  INFO 6833 --- [    Test worker] com.zaxxer.hikari.HikariDataSource       : HikariPool-2 - Starting...
2020-03-18 22:50:31.427  INFO 6833 --- [    Test worker] com.zaxxer.hikari.HikariDataSource       : HikariPool-2 - Start completed.
2020-03-18 22:50:31.452  INFO 6833 --- [    Test worker] o.hibernate.jpa.internal.util.LogHelper  : HHH000204: Processing PersistenceUnitInfo [
	name: default
	...]
2020-03-18 22:50:31.465  INFO 6833 --- [    Test worker] org.hibernate.dialect.Dialect            : HHH000400: Using dialect: org.hibernate.dialect.MySQL5InnoDBDialect
Hibernate: drop table if exists posts
Hibernate: drop table if exists user
Hibernate: create table posts (id bigint not null auto_increment, create_date datetime, modified_date datetime, author varchar(255), content TEXT not null, title varchar(500) not null, primary key (id)) engine=InnoDB
Hibernate: create table user (id bigint not null auto_increment, email varchar(255) not null, name varchar(255) not null, picture varchar(255), role varchar(255) not null, primary key (id)) engine=InnoDB
2020-03-18 22:50:31.567  INFO 6833 --- [    Test worker] o.h.t.schema.internal.SchemaCreatorImpl  : HHH000476: Executing import script 'org.hibernate.tool.schema.internal.exec.ScriptSourceInputNonExistentImpl@40bdf4be'
2020-03-18 22:50:31.567  INFO 6833 --- [    Test worker] j.LocalContainerEntityManagerFactoryBean : Initialized JPA EntityManagerFactory for persistence unit 'default'
2020-03-18 22:50:31.987  INFO 6833 --- [    Test worker] o.h.h.i.QueryTranslatorFactoryInitiator  : HHH000397: Using ASTQueryTranslatorFactory
2020-03-18 22:50:32.317  INFO 6833 --- [    Test worker] o.s.s.web.DefaultSecurityFilterChain     : Creating filter chain: any request, [org.springframework.security.web.context.request.async.WebAsyncManagerIntegrationFilter@343d8b4c, org.springframework.security.web.context.SecurityContextPersistenceFilter@5a81ad20, org.springframework.security.web.header.HeaderWriterFilter@281903d5, org.springframework.security.web.authentication.logout.LogoutFilter@27130fbf, org.springframework.security.oauth2.client.web.OAuth2AuthorizationRequestRedirectFilter@467ed0a9, org.springframework.security.oauth2.client.web.OAuth2LoginAuthenticationFilter@7748c935, org.springframework.security.web.authentication.ui.DefaultLoginPageGeneratingFilter@702c5437, org.springframework.security.web.authentication.ui.DefaultLogoutPageGeneratingFilter@14176a76, org.springframework.security.web.savedrequest.RequestCacheAwareFilter@78561815, org.springframework.security.web.servletapi.SecurityContextHolderAwareRequestFilter@18b1ab61, org.springframework.security.web.authentication.AnonymousAuthenticationFilter@24dc1bc5, org.springframework.security.web.session.SessionManagementFilter@367bc1c9, org.springframework.security.web.access.ExceptionTranslationFilter@47acab3e, org.springframework.security.web.access.intercept.FilterSecurityInterceptor@27e0fd40]
2020-03-18 22:50:32.760  INFO 6833 --- [    Test worker] o.s.s.concurrent.ThreadPoolTaskExecutor  : Initializing ExecutorService 'applicationTaskExecutor'
2020-03-18 22:50:32.781  WARN 6833 --- [    Test worker] aWebConfiguration$JpaWebMvcConfiguration : spring.jpa.open-in-view is enabled by default. Therefore, database queries may be performed during view rendering. Explicitly configure spring.jpa.open-in-view to disable this warning
2020-03-18 22:50:32.821  INFO 6833 --- [    Test worker] o.s.b.a.w.s.WelcomePageHandlerMapping    : Adding welcome page template: index
2020-03-18 22:50:33.444  INFO 6833 --- [    Test worker] s.a.ScheduledAnnotationBeanPostProcessor : No TaskScheduler/ScheduledExecutorService bean found for scheduled processing
2020-03-18 22:50:33.448  INFO 6833 --- [    Test worker] c.h.s.w.d.posts.PostsRepositoryTest      : Started PostsRepositoryTest in 2.904 seconds (JVM running for 21.9)
Hibernate: insert into posts (create_date, modified_date, author, content, title) values (?, ?, ?, ?, ?)
Hibernate: select posts0_.id as id1_0_, posts0_.create_date as create_d2_0_, posts0_.modified_date as modified3_0_, posts0_.author as author4_0_, posts0_.content as content5_0_, posts0_.title as title6_0_ from posts posts0_
Hibernate: select posts0_.id as id1_0_, posts0_.create_date as create_d2_0_, posts0_.modified_date as modified3_0_, posts0_.author as author4_0_, posts0_.content as content5_0_, posts0_.title as title6_0_ from posts posts0_
Hibernate: delete from posts where id=?
Hibernate: insert into posts (create_date, modified_date, author, content, title) values (?, ?, ?, ?, ?)
Hibernate: select posts0_.id as id1_0_, posts0_.create_date as create_d2_0_, posts0_.modified_date as modified3_0_, posts0_.author as author4_0_, posts0_.content as content5_0_, posts0_.title as title6_0_ from posts posts0_
>>>>>>>>>> createData=2020-03-18T22:50:33.492576, modifiedDate=2020-03-18T22:50:33.492576
Hibernate: select posts0_.id as id1_0_, posts0_.create_date as create_d2_0_, posts0_.modified_date as modified3_0_, posts0_.author as author4_0_, posts0_.content as content5_0_, posts0_.title as title6_0_ from posts posts0_
Hibernate: delete from posts where id=?
]]></system-out>
  <system-err><![CDATA[]]></system-err>
</testsuite>
